Arguments: 
  /usr/local/bin/node /Users/MichaelGrowette/.npm-global/bin/yarn test

PATH: 
  /Users/MichaelGrowette/.npm-global/bin:/usr/bin:/bin:/usr/sbin:/sbin:/usr/local/bin:/Applications/MySQLWorkbench.app/Contents/MacOS

Yarn version: 
  1.5.1

Node version: 
  8.9.4

Platform: 
  darwin x64

npm manifest: 
  No manifest

yarn manifest: 
  No manifest

Lockfile: 
  No lockfile

Trace: 
  Error: Couldn't find a package.json file in "/Users/MichaelGrowette/Code/five-n-one"
      at new MessageError (/Users/MichaelGrowette/.npm-global/lib/node_modules/yarn/lib/cli.js:186:110)
      at /Users/MichaelGrowette/.npm-global/lib/node_modules/yarn/lib/cli.js:40048:15
      at Generator.next (<anonymous>)
      at step (/Users/MichaelGrowette/.npm-global/lib/node_modules/yarn/lib/cli.js:98:30)
      at /Users/MichaelGrowette/.npm-global/lib/node_modules/yarn/lib/cli.js:109:13
      at <anonymous>
